[32m[0519 17:14:37 @logger.py:92][0m Argv: dqn.py --env ALE/Breakout-v5
[32m[0519 17:14:37 @expreplay.py:39][0m Creating experience replay buffer of 0.0 GB ... use a smaller buffer if you don't have enough CPU memory.
[32m[0519 17:14:37 @input_source.py:221][0m Setting up the queue 'QueueInput/input_queue' for CPU prefetching ...
[32m[0519 17:14:37 @trainers.py:48][0m Building graph for a single training tower ...
[32m[0519 17:14:37 @registry.py:90][0m 'conv0': [?, 84, 84, 12] --> [?, 21, 21, 32]
[32m[0519 17:14:37 @registry.py:90][0m 'conv1': [?, 21, 21, 32] --> [?, 11, 11, 64]
[32m[0519 17:14:37 @registry.py:90][0m 'conv2': [?, 11, 11, 64] --> [?, 11, 11, 64]
[32m[0519 17:14:37 @registry.py:90][0m 'fc0': [?, 11, 11, 64] --> [?, 512]
[32m[0519 17:14:37 @registry.py:90][0m 'fct': [?, 512] --> [?, 4]
[32m[0519 17:14:37 @registry.py:90][0m 'target/conv0': [?, 84, 84, 12] --> [?, 21, 21, 32]
[32m[0519 17:14:37 @registry.py:90][0m 'target/conv1': [?, 21, 21, 32] --> [?, 11, 11, 64]
[32m[0519 17:14:37 @registry.py:90][0m 'target/conv2': [?, 11, 11, 64] --> [?, 11, 11, 64]
[32m[0519 17:14:37 @registry.py:90][0m 'target/fc0': [?, 11, 11, 64] --> [?, 512]
[32m[0519 17:14:37 @registry.py:90][0m 'target/fct': [?, 512] --> [?, 4]
[32m[0519 17:14:38 @model_utils.py:67][0m [36mList of Trainable Variables: 
[0mname               shape             #elements
-----------------  --------------  -----------
conv0/W            [8, 8, 12, 32]        24576
conv0/b            [32]                     32
conv0/prelu/alpha  []                        1
conv1/W            [4, 4, 32, 64]        32768
conv1/b            [64]                     64
conv1/prelu/alpha  []                        1
conv2/W            [3, 3, 64, 64]        36864
conv2/b            [64]                     64
conv2/prelu/alpha  []                        1
fc0/W              [7744, 512]         3964928
fc0/b              [512]                   512
fct/W              [512, 4]               2048
fct/b              [4]                       4[36m
Number of trainable variables: 13
Number of parameters (elements): 4061863
Storage space needed for all trainable variables: 15.49MB[0m
[32m[0519 17:14:38 @base.py:207][0m Setup callbacks graph ...
[32m[0519 17:14:38 @DQNModel.py:116][0m Target Network Update: target/conv0/W:0 <- conv0/W:0
[32m[0519 17:14:38 @DQNModel.py:116][0m Target Network Update: target/conv0/b:0 <- conv0/b:0
[32m[0519 17:14:38 @DQNModel.py:116][0m Target Network Update: target/conv0/prelu/alpha:0 <- conv0/prelu/alpha:0
[32m[0519 17:14:38 @DQNModel.py:116][0m Target Network Update: target/conv1/W:0 <- conv1/W:0
[32m[0519 17:14:38 @DQNModel.py:116][0m Target Network Update: target/conv1/b:0 <- conv1/b:0
[32m[0519 17:14:38 @DQNModel.py:116][0m Target Network Update: target/conv1/prelu/alpha:0 <- conv1/prelu/alpha:0
[32m[0519 17:14:38 @DQNModel.py:116][0m Target Network Update: target/conv2/W:0 <- conv2/W:0
[32m[0519 17:14:38 @DQNModel.py:116][0m Target Network Update: target/conv2/b:0 <- conv2/b:0
[32m[0519 17:14:38 @DQNModel.py:116][0m Target Network Update: target/conv2/prelu/alpha:0 <- conv2/prelu/alpha:0
[32m[0519 17:14:38 @DQNModel.py:116][0m Target Network Update: target/fc0/W:0 <- fc0/W:0
[32m[0519 17:14:38 @DQNModel.py:116][0m Target Network Update: target/fc0/b:0 <- fc0/b:0
[32m[0519 17:14:38 @DQNModel.py:116][0m Target Network Update: target/fct/W:0 <- fct/W:0
[32m[0519 17:14:38 @DQNModel.py:116][0m Target Network Update: target/fct/b:0 <- fct/b:0
[32m[0519 17:14:38 @tower.py:133][0m Building graph for predict tower 'tower-pred-0' on device /gpu:0 ...
[32m[0519 17:14:38 @summary.py:46][0m [MovingAverageSummary] 15 operations in collection 'MOVING_SUMMARY_OPS' will be run with session hooks.
[32m[0519 17:14:38 @summary.py:94][0m Summarizing collection 'summaries' of size 40.
[32m[0519 17:14:38 @base.py:228][0m Creating the session ...
[32m[0519 17:14:40 @base.py:234][0m Initializing the session ...
[32m[0519 17:14:40 @base.py:241][0m Graph Finalized.
[32m[0519 17:14:40 @concurrency.py:36][0m Starting EnqueueThread: enqueue dataflow to TF queue "QueueInput/input_queue" ...
[32m[0519 17:14:40 @graph.py:72][0m Running Op RunOp/update_target_network ...
[32m[0519 17:14:40 @expreplay.py:320][0m Populating replay memory with epsilon=1.0 ...
[32m[0519 17:14:42 @param.py:161][0m [HyperParamSetter] At global_step=0, learning_rate is set to 0.001000
[32m[0519 17:14:42 @param.py:161][0m [HyperParamSetter] At global_step=0, exploration is set to 1.000000
[32m[0519 17:14:42 @base.py:273][0m Start Epoch 1 ...
[32m[0519 17:15:00 @base.py:291][0m Detected Ctrl-C and exiting main loop.
